#
# There is insufficient memory for the Java Runtime Environment to continue.
# Native memory allocation (mmap) failed to map 100663296 bytes for G1 virtual space
# Possible reasons:
#   The system is out of physical RAM or swap space
#   The process is running with CompressedOops enabled, and the Java Heap may be blocking the growth of the native heap
# Possible solutions:
#   Reduce memory load on the system
#   Increase physical memory or swap space
#   Check if swap backing store is full
#   Decrease Java heap size (-Xmx/-Xms)
#   Decrease number of Java threads
#   Decrease Java thread stack sizes (-Xss)
#   Set larger code cache with -XX:ReservedCodeCacheSize=
#   JVM is running with Unscaled Compressed Oops mode in which the Java heap is
#     placed in the first 4GB address space. The Java Heap base address is the
#     maximum limit for the native heap growth. Please use -XX:HeapBaseMinAddress
#     to set the Java Heap base and to place the Java Heap above 4GB virtual address.
# This output file may be truncated or incomplete.
#
#  Out of Memory Error (os_windows.cpp:3532), pid=16728, tid=31100
#
# JRE version:  (17.0.2+8) (build )
# Java VM: OpenJDK 64-Bit Server VM (17.0.2+8-LTS, mixed mode, sharing, tiered, compressed oops, compressed class ptrs, g1 gc, windows-amd64)
# No core dump will be written. Minidumps are not enabled by default on client versions of Windows
#

---------------  S U M M A R Y ------------

Command Line: -Dfile.encoding=UTF-8 -XX:+ShowCodeDetailsInExceptionMessages SeleniumTesting.WebTest

Host: AMD Ryzen 5 PRO 3500U w/ Radeon Vega Mobile Gfx, 8 cores, 5G,  Windows 11 , 64 bit Build 22000 (10.0.22000.2538)
Time: Fri Dec  8 10:51:16 2023 India Standard Time elapsed time: 0.059080 seconds (0d 0h 0m 0s)

---------------  T H R E A D  ---------------

Current thread (0x000002afff6fe860):  JavaThread "Unknown thread" [_thread_in_vm, id=31100, stack(0x000000f8f7f00000,0x000000f8f8000000)]

Stack: [0x000000f8f7f00000,0x000000f8f8000000]
Native frames: (J=compiled Java code, j=interpreted, Vv=VM code, C=native code)
V  [jvm.dll+0x6769fa]
V  [jvm.dll+0x831784]
V  [jvm.dll+0x832f2e]
V  [jvm.dll+0x833593]
V  [jvm.dll+0x2455e5]
V  [jvm.dll+0x673919]
V  [jvm.dll+0x668252]
V  [jvm.dll+0x30432b]
V  [jvm.dll+0x30b836]
V  [jvm.dll+0x35b5fe]
V  [jvm.dll+0x35b82f]
V  [jvm.dll+0x2db2d8]
V  [jvm.dll+0x2dc244]
V  [jvm.dll+0x803011]
V  [jvm.dll+0x369381]
V  [jvm.dll+0x7e238c]
V  [jvm.dll+0x3ec14f]
V  [jvm.dll+0x3edcd1]
C  [jli.dll+0x527b]
C  [ucrtbase.dll+0x26c0c]
C  [KERNEL32.DLL+0x153e0]
C  [ntdll.dll+0x485b]


---------------  P R O C E S S  ---------------

Threads class SMR info:
_java_thread_list=0x00007ffc5f1aeed8, length=0, elements={
}

Java Threads: ( => current thread )

Other Threads:
  0x000002afffd9da10 GCTaskThread "GC Thread#0" [stack: 0x000000f8f8000000,0x000000f8f8100000] [id=26104]
  0x000002afffdaa750 ConcurrentGCThread "G1 Main Marker" [stack: 0x000000f8f8100000,0x000000f8f8200000] [id=26504]
  0x000002afffdab160 ConcurrentGCThread "G1 Conc#0" [stack: 0x000000f8f8200000,0x000000f8f8300000] [id=26312]

[error occurred during error reporting (printing all threads), id 0xc0000005, EXCEPTION_ACCESS_VIOLATION (0xc0000005) at pc=0x00007ffc5e96bd07]

VM state: not at safepoint (not fully initialized)

VM Mutex/Monitor currently owned by a thread:  ([mutex/lock_event])
[0x000002afffd64c20] Heap_lock - owner thread: 0x000002afff6fe860

Heap address: 0x00000000a1000000, size: 1520 MB, Compressed Oops mode: 32-bit

CDS archive(s) mapped at: [0x0000000000000000-0x0000000000000000-0x0000000000000000), size 0, SharedBaseAddress: 0x0000000800000000, ArchiveRelocationMode: 0.
Narrow klass base: 0x0000000000000000, Narrow klass shift: 0, Narrow klass range: 0x0

GC Precious Log:
<Empty>

Heap:
 garbage-first heap   total 0K, used 0K [0x00000000a1000000, 0x0000000100000000)
  region size 1024K, 0 young (0K), 0 survivors (0K)

[error occurred during error reporting (printing heap information), id 0xc0000005, EXCEPTION_ACCESS_VIOLATION (0xc0000005) at pc=0x00007ffc5ed4fd49]

GC Heap History (0 events):
No events

Deoptimization events (0 events):
No events

Classes unloaded (0 events):
No events

Classes redefined (0 events):
No events

Internal exceptions (0 events):
No events

VM Operations (0 events):
No events

Events (1 events):
Event: 0.044 Loaded shared library C:\Program Files\Zulu\zulu-17\bin\java.dll


Dynamic libraries:
0x00007ff650250000 - 0x00007ff65025e000 	C:\Program Files\Zulu\zulu-17\bin\javaw.exe
0x00007ffcef200000 - 0x00007ffcef409000 	C:\Windows\SYSTEM32\ntdll.dll
0x00007ffcee400000 - 0x00007ffcee4bd000 	C:\Windows\System32\KERNEL32.DLL
0x00007ffcec8b0000 - 0x00007ffcecc34000 	C:\Windows\System32\KERNELBASE.dll
0x00007ffcece90000 - 0x00007ffcecfa1000 	C:\Windows\System32\ucrtbase.dll
0x00007ffccf300000 - 0x00007ffccf318000 	C:\Program Files\Zulu\zulu-17\bin\jli.dll
0x00007ffccd0e0000 - 0x00007ffccd0fb000 	C:\Program Files\Zulu\zulu-17\bin\VCRUNTIME140.dll
0x00007ffced1b0000 - 0x00007ffced35d000 	C:\Windows\System32\USER32.dll
0x00007ffcec690000 - 0x00007ffcec6b6000 	C:\Windows\System32\win32u.dll
0x00007ffcd3530000 - 0x00007ffcd37d5000 	C:\Windows\WinSxS\amd64_microsoft.windows.common-controls_6595b64144ccf1df_6.0.22000.120_none_9d947278b86cc467\COMCTL32.dll
0x00007ffced410000 - 0x00007ffced43a000 	C:\Windows\System32\GDI32.dll
0x00007ffceccb0000 - 0x00007ffcecdce000 	C:\Windows\System32\gdi32full.dll
0x00007ffcecfb0000 - 0x00007ffced04d000 	C:\Windows\System32\msvcp_win.dll
0x00007ffced760000 - 0x00007ffced803000 	C:\Windows\System32\msvcrt.dll
0x00007ffced050000 - 0x00007ffced081000 	C:\Windows\System32\IMM32.DLL
0x00007ffcec3a0000 - 0x00007ffcec540000 	C:\Program Files\Avecto\Privilege Guard Client\PGHook.dll
0x00007ffced600000 - 0x00007ffced6ae000 	C:\Windows\System32\ADVAPI32.dll
0x00007ffced6c0000 - 0x00007ffced75e000 	C:\Windows\System32\sechost.dll
0x00007ffced440000 - 0x00007ffced561000 	C:\Windows\System32\RPCRT4.dll
0x00007ffcd1770000 - 0x00007ffcd177c000 	C:\Program Files\Zulu\zulu-17\bin\vcruntime140_1.dll
0x00007ffcafbd0000 - 0x00007ffcafc5d000 	C:\Program Files\Zulu\zulu-17\bin\msvcp140.dll
0x00007ffc5e680000 - 0x00007ffc5f2e0000 	C:\Program Files\Zulu\zulu-17\bin\server\jvm.dll
0x00007ffcee380000 - 0x00007ffcee388000 	C:\Windows\System32\PSAPI.DLL
0x00007ffcc9940000 - 0x00007ffcc9949000 	C:\Windows\SYSTEM32\WSOCK32.dll
0x00007ffcee5d0000 - 0x00007ffcee63f000 	C:\Windows\System32\WS2_32.dll
0x00007ffce3cf0000 - 0x00007ffce3d23000 	C:\Windows\SYSTEM32\WINMM.dll
0x00007ffce1960000 - 0x00007ffce196a000 	C:\Windows\SYSTEM32\VERSION.dll
0x00007ffceb400000 - 0x00007ffceb418000 	C:\Windows\SYSTEM32\kernel.appcore.dll
0x00007ffce1d60000 - 0x00007ffce1d6a000 	C:\Program Files\Zulu\zulu-17\bin\jimage.dll
0x00007ffce9ad0000 - 0x00007ffce9cf1000 	C:\Windows\SYSTEM32\DBGHELP.DLL
0x00007ffcca490000 - 0x00007ffcca4c1000 	C:\Windows\SYSTEM32\dbgcore.DLL
0x00007ffcec830000 - 0x00007ffcec8af000 	C:\Windows\System32\bcryptPrimitives.dll
0x00007ffcd1ce0000 - 0x00007ffcd1d05000 	C:\Program Files\Zulu\zulu-17\bin\java.dll

dbghelp: loaded successfully - version: 4.0.5 - missing functions: none
symbol engine: initialized successfully - sym options: 0x614 - pdb path: .;C:\Program Files\Zulu\zulu-17\bin;C:\Windows\SYSTEM32;C:\Windows\WinSxS\amd64_microsoft.windows.common-controls_6595b64144ccf1df_6.0.22000.120_none_9d947278b86cc467;C:\Program Files\Avecto\Privilege Guard Client;C:\Program Files\Zulu\zulu-17\bin\server

VM Arguments:
jvm_args: -Dfile.encoding=UTF-8 -XX:+ShowCodeDetailsInExceptionMessages 
java_command: SeleniumTesting.WebTest
java_class_path (initial): C:\Users\2303561\eclipse-workspace\MiniProject\target\classes;C:\Users\2303561\.m2\repository\org\seleniumhq\selenium\selenium-java\4.15.0\selenium-java-4.15.0.jar;C:\Users\2303561\.m2\repository\org\seleniumhq\selenium\selenium-api\4.15.0\selenium-api-4.15.0.jar;C:\Users\2303561\.m2\repository\org\seleniumhq\selenium\selenium-devtools-v117\4.15.0\selenium-devtools-v117-4.15.0.jar;C:\Users\2303561\.m2\repository\org\seleniumhq\selenium\selenium-devtools-v118\4.15.0\selenium-devtools-v118-4.15.0.jar;C:\Users\2303561\.m2\repository\org\seleniumhq\selenium\selenium-devtools-v119\4.15.0\selenium-devtools-v119-4.15.0.jar;C:\Users\2303561\.m2\repository\org\seleniumhq\selenium\selenium-devtools-v85\4.15.0\selenium-devtools-v85-4.15.0.jar;C:\Users\2303561\.m2\repository\org\seleniumhq\selenium\selenium-edge-driver\4.15.0\selenium-edge-driver-4.15.0.jar;C:\Users\2303561\.m2\repository\org\seleniumhq\selenium\selenium-firefox-driver\4.15.0\selenium-firefox-driver-4.15.0.jar;C:\Users\2303561\.m2\repository\org\seleniumhq\selenium\selenium-http\4.15.0\selenium-http-4.15.0.jar;C:\Users\2303561\.m2\repository\dev\failsafe\failsafe\3.3.2\failsafe-3.3.2.jar;C:\Users\2303561\.m2\repository\org\seleniumhq\selenium\selenium-ie-driver\4.15.0\selenium-ie-driver-4.15.0.jar;C:\Users\2303561\.m2\repository\org\seleniumhq\selenium\selenium-remote-driver\4.15.0\selenium-remote-driver-4.15.0.jar;C:\Users\2303561\.m2\repository\com\google\guava\guava\32.1.2-jre\guava-32.1.2-jre.jar;C:\Users\2303561\.m2\repository\com\google\guava\failureaccess\1.0.1\failureaccess-1.0.1.jar;C:\Users\2303561\.m2\repository\com\google\guava\listenablefuture\9999.0-empty-to-avoid-conflict-with-guava\listenablefuture-9999.0-empty-to-avoid-conflict-with-guava.jar;C:\Users\2303561\.m2\repository\com\google\code\findbugs\jsr305\3.0.2\jsr305-3.0.2.jar;C:\Users\2303561\.m2\repository\org\checkerframework\checker-qual\3.33.0\checker-qual-3.33.0.jar;C:\Users\2303561\.m2\repository\com\google\
Launcher Type: SUN_STANDARD

[Global flags]
     intx CICompilerCount                          = 4                                         {product} {ergonomic}
     uint ConcGCThreads                            = 2                                         {product} {ergonomic}
     uint G1ConcRefinementThreads                  = 8                                         {product} {ergonomic}
   size_t G1HeapRegionSize                         = 1048576                                   {product} {ergonomic}
    uintx GCDrainStackTargetSize                   = 64                                        {product} {ergonomic}
   size_t InitialHeapSize                          = 100663296                                 {product} {ergonomic}
   size_t MarkStackSize                            = 4194304                                   {product} {ergonomic}
   size_t MaxHeapSize                              = 1593835520                                {product} {ergonomic}
   size_t MinHeapDeltaBytes                        = 1048576                                   {product} {ergonomic}
   size_t MinHeapSize                              = 8388608                                   {product} {ergonomic}
    uintx NonNMethodCodeHeapSize                   = 5839372                                {pd product} {ergonomic}
    uintx NonProfiledCodeHeapSize                  = 122909434                              {pd product} {ergonomic}
    uintx ProfiledCodeHeapSize                     = 122909434                              {pd product} {ergonomic}
    uintx ReservedCodeCacheSize                    = 251658240                              {pd product} {ergonomic}
     bool SegmentedCodeCache                       = true                                      {product} {ergonomic}
     bool ShowCodeDetailsInExceptionMessages       = true                                   {manageable} {command line}
   size_t SoftMaxHeapSize                          = 1593835520                             {manageable} {ergonomic}
     bool UseCompressedClassPointers               = true                           {product lp64_product} {ergonomic}
     bool UseCompressedOops                        = true                           {product lp64_product} {ergonomic}
     bool UseG1GC                                  = true                                      {product} {ergonomic}
     bool UseLargePagesIndividualAllocation        = false                                  {pd product} {ergonomic}

Logging:
Log output configuration:
 #0: stdout all=warning uptime,level,tags
 #1: stderr all=off uptime,level,tags

Environment Variables:
JAVA_HOME=C:\Program Files\Zulu\zulu-17\
PATH=C:/Program Files/Zulu/zulu-17/bin/server;C:/Program Files/Zulu/zulu-17/bin;C:\Program Files\Zulu\zulu-17\bin\;C:\Windows\system32;C:\Windows;C:\Windows\System32\Wbem;C:\Windows\System32\WindowsPowerShell\v1.0\;C:\Windows\System32\OpenSSH\;C:\Program Files\Git\cmd;C:\Users\2303561\AppData\Local\Microsoft\WindowsApps;;C:\Users\2303561\OneDrive - Cognizant\Desktop;
USERNAME=2303561
OS=Windows_NT
PROCESSOR_IDENTIFIER=AMD64 Family 23 Model 24 Stepping 1, AuthenticAMD



---------------  S Y S T E M  ---------------

OS:
 Windows 11 , 64 bit Build 22000 (10.0.22000.2538)
OS uptime: 3 days 17:37 hours
Hyper-V role detected

CPU: total 8 (initial active 8) (8 cores per cpu, 2 threads per core) family 23 model 24 stepping 1 microcode 0x0, cx8, cmov, fxsr, ht, mmx, 3dnowpref, sse, sse2, sse3, ssse3, sse4a, sse4.1, sse4.2, popcnt, lzcnt, tsc, tscinvbit, avx, avx2, aes, clmul, bmi1, bmi2, adx, sha, fma, vzeroupper, clflush, clflushopt, hv

Memory: 4k page, system-wide physical 6077M (815M free)
TotalPageFile size 22461M (AvailPageFile size 70M)
current process WorkingSet (physical memory assigned to process): 11M, peak: 11M
current process commit charge ("private bytes"): 60M, peak: 156M

vm_info: OpenJDK 64-Bit Server VM (17.0.2+8-LTS) for windows-amd64 JRE (17.0.2+8-LTS) (Zulu17.32+13-CA), built on Jan  8 2022 13:06:16 by "zulu_re" with MS VC++ 16.10 / 16.11 (VS2019)

END.
